<?xml version="1.0" encoding="UTF-8"?>
<!-- Generated by org.testng.reporters.JUnitReportReporter -->
<testsuite skipped="0" hostname="PYXLE-000354" name="tests.BaseClass" tests="1" failures="0" timestamp="2020-05-17T20:23:41 IST" time="0.012" errors="0">
  <testcase name="sampleTest" time="0.012" classname="tests.BaseClass"/>
  <system-out/>
</testsuite> <!-- tests.BaseClass -->
