<?xml version="1.0" encoding="UTF-8"?>
<!-- Generated by org.testng.reporters.JUnitReportReporter -->
<testsuite skipped="0" hostname="PYXLE-000354" name="tests.Tests" tests="2" failures="0" timestamp="2020-05-17T20:39:39 IST" time="38.755" errors="0">
  <testcase name="test1" time="38.748" classname="tests.Tests"/>
  <system-out/>
  <testcase name="sampleTest" time="0.007" classname="tests.Tests"/>
  <system-out/>
</testsuite> <!-- tests.Tests -->
