<?xml version="1.0" encoding="UTF-8"?>
<!-- Generated by org.testng.reporters.JUnitReportReporter -->
<testsuite skipped="0" hostname="PYXLE-000354" name="tests.BaseClass" tests="1" failures="0" timestamp="2020-05-10T23:56:41 IST" time="0.005" errors="0">
  <testcase name="sampleTest" time="0.005" classname="tests.BaseClass"/>
  <system-out/>
</testsuite> <!-- tests.BaseClass -->
